{"C:\\My Apps\\form-rescue\\index.ts": {"path":"C:\\My Apps\\form-rescue\\index.ts","all":false,"statementMap":{"0":{"start":{"line":1,"column":0},"end":{"line":1,"column":3}},"1":{"start":{"line":2,"column":0},"end":{"line":2,"column":49}},"2":{"start":{"line":3,"column":0},"end":{"line":3,"column":3}},"3":{"start":{"line":4,"column":0},"end":{"line":4,"column":32}},"4":{"start":{"line":5,"column":0},"end":{"line":5,"column":82}},"5":{"start":{"line":6,"column":0},"end":{"line":6,"column":15}},"6":{"start":{"line":7,"column":0},"end":{"line":7,"column":93}},"7":{"start":{"line":8,"column":0},"end":{"line":8,"column":20}},"8":{"start":{"line":9,"column":0},"end":{"line":9,"column":92}},"9":{"start":{"line":10,"column":0},"end":{"line":10,"column":22}},"10":{"start":{"line":11,"column":0},"end":{"line":11,"column":80}},"11":{"start":{"line":12,"column":0},"end":{"line":12,"column":61}},"12":{"start":{"line":13,"column":0},"end":{"line":13,"column":76}},"13":{"start":{"line":14,"column":0},"end":{"line":14,"column":34}},"14":{"start":{"line":15,"column":0},"end":{"line":15,"column":96}},"15":{"start":{"line":16,"column":0},"end":{"line":16,"column":26}},"16":{"start":{"line":17,"column":0},"end":{"line":17,"column":124}},"17":{"start":{"line":18,"column":0},"end":{"line":18,"column":48}},"18":{"start":{"line":19,"column":0},"end":{"line":19,"column":1}},"19":{"start":{"line":20,"column":0},"end":{"line":20,"column":0}},"20":{"start":{"line":21,"column":0},"end":{"line":21,"column":3}},"21":{"start":{"line":22,"column":0},"end":{"line":22,"column":49}},"22":{"start":{"line":23,"column":0},"end":{"line":23,"column":3}},"23":{"start":{"line":24,"column":0},"end":{"line":24,"column":28}},"24":{"start":{"line":25,"column":0},"end":{"line":25,"column":21}},"25":{"start":{"line":26,"column":0},"end":{"line":26,"column":1}},"26":{"start":{"line":27,"column":0},"end":{"line":27,"column":0}},"27":{"start":{"line":28,"column":0},"end":{"line":28,"column":3}},"28":{"start":{"line":29,"column":0},"end":{"line":29,"column":67}},"29":{"start":{"line":30,"column":0},"end":{"line":30,"column":3}},"30":{"start":{"line":31,"column":0},"end":{"line":31,"column":24}},"31":{"start":{"line":32,"column":0},"end":{"line":32,"column":66}},"32":{"start":{"line":33,"column":0},"end":{"line":33,"column":20}},"33":{"start":{"line":34,"column":0},"end":{"line":34,"column":34}},"34":{"start":{"line":35,"column":0},"end":{"line":35,"column":18}},"35":{"start":{"line":36,"column":0},"end":{"line":36,"column":1}},"36":{"start":{"line":37,"column":0},"end":{"line":37,"column":0}},"37":{"start":{"line":38,"column":0},"end":{"line":38,"column":3}},"38":{"start":{"line":39,"column":0},"end":{"line":39,"column":74}},"39":{"start":{"line":40,"column":0},"end":{"line":40,"column":2}},"40":{"start":{"line":41,"column":0},"end":{"line":41,"column":88}},"41":{"start":{"line":42,"column":0},"end":{"line":42,"column":68}},"42":{"start":{"line":43,"column":0},"end":{"line":43,"column":3}},"43":{"start":{"line":44,"column":0},"end":{"line":44,"column":14}},"44":{"start":{"line":45,"column":0},"end":{"line":45,"column":33}},"45":{"start":{"line":46,"column":0},"end":{"line":46,"column":29}},"46":{"start":{"line":47,"column":0},"end":{"line":47,"column":82}},"47":{"start":{"line":48,"column":0},"end":{"line":48,"column":5}},"48":{"start":{"line":49,"column":0},"end":{"line":49,"column":18}},"49":{"start":{"line":50,"column":0},"end":{"line":50,"column":30}},"50":{"start":{"line":51,"column":0},"end":{"line":51,"column":39}},"51":{"start":{"line":52,"column":0},"end":{"line":52,"column":66}},"52":{"start":{"line":53,"column":0},"end":{"line":53,"column":53}},"53":{"start":{"line":54,"column":0},"end":{"line":54,"column":78}},"54":{"start":{"line":55,"column":0},"end":{"line":55,"column":0}},"55":{"start":{"line":56,"column":0},"end":{"line":56,"column":5}},"56":{"start":{"line":57,"column":0},"end":{"line":57,"column":39}},"57":{"start":{"line":58,"column":0},"end":{"line":58,"column":52}},"58":{"start":{"line":59,"column":0},"end":{"line":59,"column":68}},"59":{"start":{"line":60,"column":0},"end":{"line":60,"column":5}},"60":{"start":{"line":61,"column":0},"end":{"line":61,"column":67}},"61":{"start":{"line":62,"column":0},"end":{"line":62,"column":16}},"62":{"start":{"line":63,"column":0},"end":{"line":63,"column":90}},"63":{"start":{"line":64,"column":0},"end":{"line":64,"column":13}},"64":{"start":{"line":65,"column":0},"end":{"line":65,"column":5}},"65":{"start":{"line":66,"column":0},"end":{"line":66,"column":0}},"66":{"start":{"line":67,"column":0},"end":{"line":67,"column":21}},"67":{"start":{"line":68,"column":0},"end":{"line":68,"column":20}},"68":{"start":{"line":69,"column":0},"end":{"line":69,"column":17}},"69":{"start":{"line":70,"column":0},"end":{"line":70,"column":20}},"70":{"start":{"line":71,"column":0},"end":{"line":71,"column":26}},"71":{"start":{"line":72,"column":0},"end":{"line":72,"column":17}},"72":{"start":{"line":73,"column":0},"end":{"line":73,"column":6}},"73":{"start":{"line":74,"column":0},"end":{"line":74,"column":0}},"74":{"start":{"line":75,"column":0},"end":{"line":75,"column":21}},"75":{"start":{"line":76,"column":0},"end":{"line":76,"column":32}},"76":{"start":{"line":77,"column":0},"end":{"line":77,"column":98}},"77":{"start":{"line":78,"column":0},"end":{"line":78,"column":0}},"78":{"start":{"line":79,"column":0},"end":{"line":79,"column":59}},"79":{"start":{"line":80,"column":0},"end":{"line":80,"column":69}},"80":{"start":{"line":81,"column":0},"end":{"line":81,"column":75}},"81":{"start":{"line":82,"column":0},"end":{"line":82,"column":26}},"82":{"start":{"line":83,"column":0},"end":{"line":83,"column":14}},"83":{"start":{"line":84,"column":0},"end":{"line":84,"column":85}},"84":{"start":{"line":85,"column":0},"end":{"line":85,"column":40}},"85":{"start":{"line":86,"column":0},"end":{"line":86,"column":47}},"86":{"start":{"line":87,"column":0},"end":{"line":87,"column":28}},"87":{"start":{"line":88,"column":0},"end":{"line":88,"column":6}},"88":{"start":{"line":89,"column":0},"end":{"line":89,"column":0}},"89":{"start":{"line":90,"column":0},"end":{"line":90,"column":30}},"90":{"start":{"line":91,"column":0},"end":{"line":91,"column":22}},"91":{"start":{"line":92,"column":0},"end":{"line":92,"column":3}},"92":{"start":{"line":93,"column":0},"end":{"line":93,"column":0}},"93":{"start":{"line":94,"column":0},"end":{"line":94,"column":5}},"94":{"start":{"line":95,"column":0},"end":{"line":95,"column":77}},"95":{"start":{"line":96,"column":0},"end":{"line":96,"column":4}},"96":{"start":{"line":97,"column":0},"end":{"line":97,"column":107}},"97":{"start":{"line":98,"column":0},"end":{"line":98,"column":61}},"98":{"start":{"line":99,"column":0},"end":{"line":99,"column":93}},"99":{"start":{"line":100,"column":0},"end":{"line":100,"column":5}},"100":{"start":{"line":101,"column":0},"end":{"line":101,"column":15}},"101":{"start":{"line":102,"column":0},"end":{"line":102,"column":52}},"102":{"start":{"line":103,"column":0},"end":{"line":103,"column":28}},"103":{"start":{"line":104,"column":0},"end":{"line":104,"column":25}},"104":{"start":{"line":105,"column":0},"end":{"line":105,"column":40}},"105":{"start":{"line":106,"column":0},"end":{"line":106,"column":47}},"106":{"start":{"line":107,"column":0},"end":{"line":107,"column":55}},"107":{"start":{"line":108,"column":0},"end":{"line":108,"column":32}},"108":{"start":{"line":109,"column":0},"end":{"line":109,"column":0}},"109":{"start":{"line":110,"column":0},"end":{"line":110,"column":15}},"110":{"start":{"line":111,"column":0},"end":{"line":111,"column":39}},"111":{"start":{"line":112,"column":0},"end":{"line":112,"column":12}},"112":{"start":{"line":113,"column":0},"end":{"line":113,"column":98}},"113":{"start":{"line":114,"column":0},"end":{"line":114,"column":5}},"114":{"start":{"line":115,"column":0},"end":{"line":115,"column":3}},"115":{"start":{"line":116,"column":0},"end":{"line":116,"column":0}},"116":{"start":{"line":117,"column":0},"end":{"line":117,"column":32}},"117":{"start":{"line":118,"column":0},"end":{"line":118,"column":60}},"118":{"start":{"line":119,"column":0},"end":{"line":119,"column":65}},"119":{"start":{"line":120,"column":0},"end":{"line":120,"column":62}},"120":{"start":{"line":121,"column":0},"end":{"line":121,"column":69}},"121":{"start":{"line":122,"column":0},"end":{"line":122,"column":3}},"122":{"start":{"line":123,"column":0},"end":{"line":123,"column":0}},"123":{"start":{"line":124,"column":0},"end":{"line":124,"column":5}},"124":{"start":{"line":125,"column":0},"end":{"line":125,"column":67}},"125":{"start":{"line":126,"column":0},"end":{"line":126,"column":42}},"126":{"start":{"line":127,"column":0},"end":{"line":127,"column":5}},"127":{"start":{"line":128,"column":0},"end":{"line":128,"column":10}},"128":{"start":{"line":129,"column":0},"end":{"line":129,"column":22}},"129":{"start":{"line":130,"column":0},"end":{"line":130,"column":3}},"130":{"start":{"line":131,"column":0},"end":{"line":131,"column":0}},"131":{"start":{"line":132,"column":0},"end":{"line":132,"column":5}},"132":{"start":{"line":133,"column":0},"end":{"line":133,"column":57}},"133":{"start":{"line":134,"column":0},"end":{"line":134,"column":5}},"134":{"start":{"line":135,"column":0},"end":{"line":135,"column":11}},"135":{"start":{"line":136,"column":0},"end":{"line":136,"column":23}},"136":{"start":{"line":137,"column":0},"end":{"line":137,"column":3}},"137":{"start":{"line":138,"column":0},"end":{"line":138,"column":0}},"138":{"start":{"line":139,"column":0},"end":{"line":139,"column":5}},"139":{"start":{"line":140,"column":0},"end":{"line":140,"column":60}},"140":{"start":{"line":141,"column":0},"end":{"line":141,"column":77}},"141":{"start":{"line":142,"column":0},"end":{"line":142,"column":55}},"142":{"start":{"line":143,"column":0},"end":{"line":143,"column":5}},"143":{"start":{"line":144,"column":0},"end":{"line":144,"column":13}},"144":{"start":{"line":145,"column":0},"end":{"line":145,"column":41}},"145":{"start":{"line":146,"column":0},"end":{"line":146,"column":32}},"146":{"start":{"line":147,"column":0},"end":{"line":147,"column":0}},"147":{"start":{"line":148,"column":0},"end":{"line":148,"column":63}},"148":{"start":{"line":149,"column":0},"end":{"line":149,"column":68}},"149":{"start":{"line":150,"column":0},"end":{"line":150,"column":65}},"150":{"start":{"line":151,"column":0},"end":{"line":151,"column":72}},"151":{"start":{"line":152,"column":0},"end":{"line":152,"column":3}},"152":{"start":{"line":153,"column":0},"end":{"line":153,"column":0}},"153":{"start":{"line":154,"column":0},"end":{"line":154,"column":39}},"154":{"start":{"line":155,"column":0},"end":{"line":155,"column":36}},"155":{"start":{"line":156,"column":0},"end":{"line":156,"column":29}},"156":{"start":{"line":157,"column":0},"end":{"line":157,"column":55}},"157":{"start":{"line":158,"column":0},"end":{"line":158,"column":33}},"158":{"start":{"line":159,"column":0},"end":{"line":159,"column":22}},"159":{"start":{"line":160,"column":0},"end":{"line":160,"column":55}},"160":{"start":{"line":161,"column":0},"end":{"line":161,"column":11}},"161":{"start":{"line":162,"column":0},"end":{"line":162,"column":44}},"162":{"start":{"line":163,"column":0},"end":{"line":163,"column":19}},"163":{"start":{"line":164,"column":0},"end":{"line":164,"column":5}},"164":{"start":{"line":165,"column":0},"end":{"line":165,"column":3}},"165":{"start":{"line":166,"column":0},"end":{"line":166,"column":0}},"166":{"start":{"line":167,"column":0},"end":{"line":167,"column":28}},"167":{"start":{"line":168,"column":0},"end":{"line":168,"column":31}},"168":{"start":{"line":169,"column":0},"end":{"line":169,"column":40}},"169":{"start":{"line":170,"column":0},"end":{"line":170,"column":0}},"170":{"start":{"line":171,"column":0},"end":{"line":171,"column":49}},"171":{"start":{"line":172,"column":0},"end":{"line":172,"column":45}},"172":{"start":{"line":173,"column":0},"end":{"line":173,"column":95}},"173":{"start":{"line":174,"column":0},"end":{"line":174,"column":17}},"174":{"start":{"line":175,"column":0},"end":{"line":175,"column":7}},"175":{"start":{"line":176,"column":0},"end":{"line":176,"column":0}},"176":{"start":{"line":177,"column":0},"end":{"line":177,"column":24}},"177":{"start":{"line":178,"column":0},"end":{"line":178,"column":24}},"178":{"start":{"line":179,"column":0},"end":{"line":179,"column":37}},"179":{"start":{"line":180,"column":0},"end":{"line":180,"column":16}},"180":{"start":{"line":181,"column":0},"end":{"line":181,"column":21}},"181":{"start":{"line":182,"column":0},"end":{"line":182,"column":27}},"182":{"start":{"line":183,"column":0},"end":{"line":183,"column":37}},"183":{"start":{"line":184,"column":0},"end":{"line":184,"column":11}},"184":{"start":{"line":185,"column":0},"end":{"line":185,"column":16}},"185":{"start":{"line":186,"column":0},"end":{"line":186,"column":31}},"186":{"start":{"line":187,"column":0},"end":{"line":187,"column":76}},"187":{"start":{"line":188,"column":0},"end":{"line":188,"column":42}},"188":{"start":{"line":189,"column":0},"end":{"line":189,"column":37}},"189":{"start":{"line":190,"column":0},"end":{"line":190,"column":16}},"190":{"start":{"line":191,"column":0},"end":{"line":191,"column":16}},"191":{"start":{"line":192,"column":0},"end":{"line":192,"column":35}},"192":{"start":{"line":193,"column":0},"end":{"line":193,"column":7}},"193":{"start":{"line":194,"column":0},"end":{"line":194,"column":5}},"194":{"start":{"line":195,"column":0},"end":{"line":195,"column":0}},"195":{"start":{"line":196,"column":0},"end":{"line":196,"column":43}},"196":{"start":{"line":197,"column":0},"end":{"line":197,"column":79}},"197":{"start":{"line":198,"column":0},"end":{"line":198,"column":43}},"198":{"start":{"line":199,"column":0},"end":{"line":199,"column":63}},"199":{"start":{"line":200,"column":0},"end":{"line":200,"column":60}},"200":{"start":{"line":201,"column":0},"end":{"line":201,"column":39}},"201":{"start":{"line":202,"column":0},"end":{"line":202,"column":7}},"202":{"start":{"line":203,"column":0},"end":{"line":203,"column":5}},"203":{"start":{"line":204,"column":0},"end":{"line":204,"column":16}},"204":{"start":{"line":205,"column":0},"end":{"line":205,"column":3}},"205":{"start":{"line":206,"column":0},"end":{"line":206,"column":0}},"206":{"start":{"line":207,"column":0},"end":{"line":207,"column":24}},"207":{"start":{"line":208,"column":0},"end":{"line":208,"column":26}},"208":{"start":{"line":209,"column":0},"end":{"line":209,"column":28}},"209":{"start":{"line":210,"column":0},"end":{"line":210,"column":34}},"210":{"start":{"line":211,"column":0},"end":{"line":211,"column":6}},"211":{"start":{"line":212,"column":0},"end":{"line":212,"column":65}},"212":{"start":{"line":213,"column":0},"end":{"line":213,"column":0}},"213":{"start":{"line":214,"column":0},"end":{"line":214,"column":44}},"214":{"start":{"line":215,"column":0},"end":{"line":215,"column":30}},"215":{"start":{"line":216,"column":0},"end":{"line":216,"column":33}},"216":{"start":{"line":217,"column":0},"end":{"line":217,"column":5}},"217":{"start":{"line":218,"column":0},"end":{"line":218,"column":3}},"218":{"start":{"line":219,"column":0},"end":{"line":219,"column":0}},"219":{"start":{"line":220,"column":0},"end":{"line":220,"column":24}},"220":{"start":{"line":221,"column":0},"end":{"line":221,"column":61}},"221":{"start":{"line":222,"column":0},"end":{"line":222,"column":28}},"222":{"start":{"line":223,"column":0},"end":{"line":223,"column":0}},"223":{"start":{"line":224,"column":0},"end":{"line":224,"column":9}},"224":{"start":{"line":225,"column":0},"end":{"line":225,"column":50}},"225":{"start":{"line":226,"column":0},"end":{"line":226,"column":53}},"226":{"start":{"line":227,"column":0},"end":{"line":227,"column":0}},"227":{"start":{"line":228,"column":0},"end":{"line":228,"column":49}},"228":{"start":{"line":229,"column":0},"end":{"line":229,"column":27}},"229":{"start":{"line":230,"column":0},"end":{"line":230,"column":15}},"230":{"start":{"line":231,"column":0},"end":{"line":231,"column":7}},"231":{"start":{"line":232,"column":0},"end":{"line":232,"column":0}},"232":{"start":{"line":233,"column":0},"end":{"line":233,"column":38}},"233":{"start":{"line":234,"column":0},"end":{"line":234,"column":78}},"234":{"start":{"line":235,"column":0},"end":{"line":235,"column":14}},"235":{"start":{"line":236,"column":0},"end":{"line":236,"column":38}},"236":{"start":{"line":237,"column":0},"end":{"line":237,"column":7}},"237":{"start":{"line":238,"column":0},"end":{"line":238,"column":17}},"238":{"start":{"line":239,"column":0},"end":{"line":239,"column":80}},"239":{"start":{"line":240,"column":0},"end":{"line":240,"column":25}},"240":{"start":{"line":241,"column":0},"end":{"line":241,"column":5}},"241":{"start":{"line":242,"column":0},"end":{"line":242,"column":3}},"242":{"start":{"line":243,"column":0},"end":{"line":243,"column":0}},"243":{"start":{"line":244,"column":0},"end":{"line":244,"column":41}},"244":{"start":{"line":245,"column":0},"end":{"line":245,"column":40}},"245":{"start":{"line":246,"column":0},"end":{"line":246,"column":30}},"246":{"start":{"line":247,"column":0},"end":{"line":247,"column":70}},"247":{"start":{"line":248,"column":0},"end":{"line":248,"column":0}},"248":{"start":{"line":249,"column":0},"end":{"line":249,"column":47}},"249":{"start":{"line":250,"column":0},"end":{"line":250,"column":0}},"250":{"start":{"line":251,"column":0},"end":{"line":251,"column":38}},"251":{"start":{"line":252,"column":0},"end":{"line":252,"column":79}},"252":{"start":{"line":253,"column":0},"end":{"line":253,"column":52}},"253":{"start":{"line":254,"column":0},"end":{"line":254,"column":0}},"254":{"start":{"line":255,"column":0},"end":{"line":255,"column":52}},"255":{"start":{"line":256,"column":0},"end":{"line":256,"column":93}},"256":{"start":{"line":257,"column":0},"end":{"line":257,"column":55}},"257":{"start":{"line":258,"column":0},"end":{"line":258,"column":61}},"258":{"start":{"line":259,"column":0},"end":{"line":259,"column":11}},"259":{"start":{"line":260,"column":0},"end":{"line":260,"column":16}},"260":{"start":{"line":261,"column":0},"end":{"line":261,"column":49}},"261":{"start":{"line":262,"column":0},"end":{"line":262,"column":28}},"262":{"start":{"line":263,"column":0},"end":{"line":263,"column":28}},"263":{"start":{"line":264,"column":0},"end":{"line":264,"column":38}},"264":{"start":{"line":265,"column":0},"end":{"line":265,"column":20}},"265":{"start":{"line":266,"column":0},"end":{"line":266,"column":37}},"266":{"start":{"line":267,"column":0},"end":{"line":267,"column":49}},"267":{"start":{"line":268,"column":0},"end":{"line":268,"column":76}},"268":{"start":{"line":269,"column":0},"end":{"line":269,"column":59}},"269":{"start":{"line":270,"column":0},"end":{"line":270,"column":15}},"270":{"start":{"line":271,"column":0},"end":{"line":271,"column":20}},"271":{"start":{"line":272,"column":0},"end":{"line":272,"column":13}},"272":{"start":{"line":273,"column":0},"end":{"line":273,"column":20}},"273":{"start":{"line":274,"column":0},"end":{"line":274,"column":36}},"274":{"start":{"line":275,"column":0},"end":{"line":275,"column":11}},"275":{"start":{"line":276,"column":0},"end":{"line":276,"column":37}},"276":{"start":{"line":277,"column":0},"end":{"line":277,"column":9}},"277":{"start":{"line":278,"column":0},"end":{"line":278,"column":0}},"278":{"start":{"line":279,"column":0},"end":{"line":279,"column":43}},"279":{"start":{"line":280,"column":0},"end":{"line":280,"column":66}},"280":{"start":{"line":281,"column":0},"end":{"line":281,"column":67}},"281":{"start":{"line":282,"column":0},"end":{"line":282,"column":11}},"282":{"start":{"line":283,"column":0},"end":{"line":283,"column":7}},"283":{"start":{"line":284,"column":0},"end":{"line":284,"column":49}},"284":{"start":{"line":285,"column":0},"end":{"line":285,"column":12}},"285":{"start":{"line":286,"column":0},"end":{"line":286,"column":89}},"286":{"start":{"line":287,"column":0},"end":{"line":287,"column":28}},"287":{"start":{"line":288,"column":0},"end":{"line":288,"column":47}},"288":{"start":{"line":289,"column":0},"end":{"line":289,"column":67}},"289":{"start":{"line":290,"column":0},"end":{"line":290,"column":77}},"290":{"start":{"line":291,"column":0},"end":{"line":291,"column":78}},"291":{"start":{"line":292,"column":0},"end":{"line":292,"column":9}},"292":{"start":{"line":293,"column":0},"end":{"line":293,"column":7}},"293":{"start":{"line":294,"column":0},"end":{"line":294,"column":5}},"294":{"start":{"line":295,"column":0},"end":{"line":295,"column":3}},"295":{"start":{"line":296,"column":0},"end":{"line":296,"column":0}},"296":{"start":{"line":297,"column":0},"end":{"line":297,"column":25}},"297":{"start":{"line":298,"column":0},"end":{"line":298,"column":45}},"298":{"start":{"line":299,"column":0},"end":{"line":299,"column":3}},"299":{"start":{"line":300,"column":0},"end":{"line":300,"column":0}},"300":{"start":{"line":301,"column":0},"end":{"line":301,"column":52}},"301":{"start":{"line":302,"column":0},"end":{"line":302,"column":58}},"302":{"start":{"line":303,"column":0},"end":{"line":303,"column":11}},"303":{"start":{"line":304,"column":0},"end":{"line":304,"column":56}},"304":{"start":{"line":305,"column":0},"end":{"line":305,"column":38}},"305":{"start":{"line":306,"column":0},"end":{"line":306,"column":19}},"306":{"start":{"line":307,"column":0},"end":{"line":307,"column":74}},"307":{"start":{"line":308,"column":0},"end":{"line":308,"column":7}},"308":{"start":{"line":309,"column":0},"end":{"line":309,"column":5}},"309":{"start":{"line":310,"column":0},"end":{"line":310,"column":3}},"310":{"start":{"line":311,"column":0},"end":{"line":311,"column":0}},"311":{"start":{"line":312,"column":0},"end":{"line":312,"column":68}},"312":{"start":{"line":313,"column":0},"end":{"line":313,"column":24}},"313":{"start":{"line":314,"column":0},"end":{"line":314,"column":60}},"314":{"start":{"line":315,"column":0},"end":{"line":315,"column":28}},"315":{"start":{"line":316,"column":0},"end":{"line":316,"column":71}},"316":{"start":{"line":317,"column":0},"end":{"line":317,"column":6}},"317":{"start":{"line":318,"column":0},"end":{"line":318,"column":30}},"318":{"start":{"line":319,"column":0},"end":{"line":319,"column":28}},"319":{"start":{"line":320,"column":0},"end":{"line":320,"column":6}},"320":{"start":{"line":321,"column":0},"end":{"line":321,"column":76}},"321":{"start":{"line":322,"column":0},"end":{"line":322,"column":3}},"322":{"start":{"line":323,"column":0},"end":{"line":323,"column":0}},"323":{"start":{"line":324,"column":0},"end":{"line":324,"column":48}},"324":{"start":{"line":325,"column":0},"end":{"line":325,"column":52}},"325":{"start":{"line":326,"column":0},"end":{"line":326,"column":43}},"326":{"start":{"line":327,"column":0},"end":{"line":327,"column":0}},"327":{"start":{"line":328,"column":0},"end":{"line":328,"column":41}},"328":{"start":{"line":329,"column":0},"end":{"line":329,"column":26}},"329":{"start":{"line":330,"column":0},"end":{"line":330,"column":0}},"330":{"start":{"line":331,"column":0},"end":{"line":331,"column":19}},"331":{"start":{"line":332,"column":0},"end":{"line":332,"column":15}},"332":{"start":{"line":333,"column":0},"end":{"line":333,"column":33}},"333":{"start":{"line":334,"column":0},"end":{"line":334,"column":15}},"334":{"start":{"line":335,"column":0},"end":{"line":335,"column":38}},"335":{"start":{"line":336,"column":0},"end":{"line":336,"column":14}},"336":{"start":{"line":337,"column":0},"end":{"line":337,"column":66}},"337":{"start":{"line":338,"column":0},"end":{"line":338,"column":43}},"338":{"start":{"line":339,"column":0},"end":{"line":339,"column":5}},"339":{"start":{"line":340,"column":0},"end":{"line":340,"column":3}},"340":{"start":{"line":341,"column":0},"end":{"line":341,"column":1}},"341":{"start":{"line":342,"column":0},"end":{"line":342,"column":0}},"342":{"start":{"line":343,"column":0},"end":{"line":343,"column":22}}},"s":{"0":1,"1":1,"2":1,"3":1,"4":1,"5":1,"6":1,"7":1,"8":1,"9":1,"10":1,"11":1,"12":1,"13":1,"14":1,"15":1,"16":1,"17":1,"18":1,"19":1,"20":1,"21":1,"22":1,"23":1,"24":1,"25":1,"26":1,"27":1,"28":1,"29":1,"30":1,"31":1,"32":1,"33":1,"34":1,"35":1,"36":1,"37":1,"38":1,"39":1,"40":1,"41":1,"42":1,"43":1,"44":1,"45":1,"46":1,"47":1,"48":1,"49":1,"50":1,"51":1,"52":1,"53":1,"54":1,"55":1,"56":1,"57":1,"58":1,"59":1,"60":1,"61":34,"62":1,"63":1,"64":1,"65":33,"66":33,"67":33,"68":33,"69":33,"70":33,"71":33,"72":33,"73":33,"74":33,"75":33,"76":34,"77":34,"78":34,"79":34,"80":34,"81":34,"82":34,"83":34,"84":34,"85":34,"86":34,"87":34,"88":34,"89":34,"90":34,"91":34,"92":1,"93":1,"94":1,"95":1,"96":1,"97":1,"98":1,"99":1,"100":1,"101":3,"102":3,"103":3,"104":3,"105":3,"106":3,"107":3,"108":3,"109":3,"110":2,"111":3,"112":1,"113":1,"114":3,"115":1,"116":1,"117":33,"118":33,"119":33,"120":33,"121":33,"122":1,"123":1,"124":1,"125":1,"126":1,"127":1,"128":5,"129":5,"130":1,"131":1,"132":1,"133":1,"134":1,"135":3,"136":3,"137":1,"138":1,"139":1,"140":1,"141":1,"142":1,"143":1,"144":1,"145":1,"146":1,"147":1,"148":1,"149":1,"150":1,"151":1,"152":1,"153":1,"154":4,"155":2,"156":2,"157":2,"158":2,"159":1,"160":2,"161":2,"162":1,"163":1,"164":4,"165":1,"166":1,"167":16,"168":16,"169":16,"170":16,"171":154,"172":154,"173":56,"174":56,"175":98,"176":98,"177":154,"178":14,"179":14,"180":154,"181":28,"182":14,"183":14,"184":28,"185":154,"186":14,"187":14,"188":14,"189":14,"190":154,"191":42,"192":154,"193":154,"194":16,"195":16,"196":16,"197":16,"198":14,"199":14,"200":13,"201":13,"202":14,"203":16,"204":16,"205":1,"206":1,"207":16,"208":16,"209":16,"210":16,"211":16,"212":16,"213":16,"214":16,"215":2,"216":2,"217":16,"218":1,"219":1,"220":33,"221":33,"222":12,"223":12,"224":12,"225":12,"226":12,"227":33,"228":3,"229":3,"230":3,"231":8,"232":33,"233":1,"234":33,"235":7,"236":7,"237":33,"238":1,"239":1,"240":1,"241":33,"242":1,"243":1,"244":16,"245":16,"246":51,"247":50,"248":50,"249":50,"250":50,"251":51,"252":47,"253":47,"254":47,"255":12,"256":24,"257":24,"258":24,"259":47,"260":35,"261":35,"262":35,"263":12,"264":12,"265":35,"266":2,"267":2,"268":4,"269":4,"270":2,"271":2,"272":35,"273":21,"274":35,"275":35,"276":35,"277":47,"278":47,"279":47,"280":47,"281":47,"282":47,"283":3,"284":3,"285":3,"286":3,"287":2,"288":2,"289":2,"290":2,"291":2,"292":3,"293":51,"294":16,"295":1,"296":1,"297":7,"298":7,"299":1,"300":1,"301":32,"302":32,"303":32,"304":32,"305":32,"306":23,"307":23,"308":32,"309":32,"310":1,"311":1,"312":33,"313":33,"314":84,"315":84,"316":33,"317":33,"318":1,"319":33,"320":33,"321":33,"322":1,"323":1,"324":11,"325":11,"326":10,"327":10,"328":10,"329":10,"330":10,"331":11,"332":1,"333":11,"334":7,"335":11,"336":2,"337":2,"338":11,"339":11,"340":1,"341":1,"342":1},"branchMap":{"0":{"type":"branch","line":61,"loc":{"start":{"line":61,"column":2},"end":{"line":92,"column":3}},"locations":[{"start":{"line":61,"column":2},"end":{"line":92,"column":3}}]},"1":{"type":"branch","line":62,"loc":{"start":{"line":62,"column":15},"end":{"line":65,"column":5}},"locations":[{"start":{"line":62,"column":15},"end":{"line":65,"column":5}}]},"2":{"type":"branch","line":66,"loc":{"start":{"line":66,"column":-1},"end":{"line":76,"column":32}},"locations":[{"start":{"line":66,"column":-1},"end":{"line":76,"column":32}}]},"3":{"type":"branch","line":76,"loc":{"start":{"line":76,"column":29},"end":{"line":77,"column":97}},"locations":[{"start":{"line":76,"column":29},"end":{"line":77,"column":97}}]},"4":{"type":"branch","line":77,"loc":{"start":{"line":77,"column":67},"end":{"line":77,"column":85}},"locations":[{"start":{"line":77,"column":67},"end":{"line":77,"column":85}}]},"5":{"type":"branch","line":77,"loc":{"start":{"line":77,"column":85},"end":{"line":77,"column":95}},"locations":[{"start":{"line":77,"column":85},"end":{"line":77,"column":95}}]},"6":{"type":"branch","line":101,"loc":{"start":{"line":101,"column":9},"end":{"line":115,"column":3}},"locations":[{"start":{"line":101,"column":9},"end":{"line":115,"column":3}}]},"7":{"type":"branch","line":107,"loc":{"start":{"line":107,"column":8},"end":{"line":107,"column":55}},"locations":[{"start":{"line":107,"column":8},"end":{"line":107,"column":55}}]},"8":{"type":"branch","line":108,"loc":{"start":{"line":108,"column":8},"end":{"line":108,"column":31}},"locations":[{"start":{"line":108,"column":8},"end":{"line":108,"column":31}}]},"9":{"type":"branch","line":110,"loc":{"start":{"line":110,"column":14},"end":{"line":112,"column":5}},"locations":[{"start":{"line":110,"column":14},"end":{"line":112,"column":5}}]},"10":{"type":"branch","line":112,"loc":{"start":{"line":112,"column":5},"end":{"line":114,"column":5}},"locations":[{"start":{"line":112,"column":5},"end":{"line":114,"column":5}}]},"11":{"type":"branch","line":117,"loc":{"start":{"line":117,"column":10},"end":{"line":122,"column":3}},"locations":[{"start":{"line":117,"column":10},"end":{"line":122,"column":3}}]},"12":{"type":"branch","line":128,"loc":{"start":{"line":128,"column":2},"end":{"line":130,"column":3}},"locations":[{"start":{"line":128,"column":2},"end":{"line":130,"column":3}}]},"13":{"type":"branch","line":135,"loc":{"start":{"line":135,"column":2},"end":{"line":137,"column":3}},"locations":[{"start":{"line":135,"column":2},"end":{"line":137,"column":3}}]},"14":{"type":"branch","line":144,"loc":{"start":{"line":144,"column":2},"end":{"line":152,"column":3}},"locations":[{"start":{"line":144,"column":2},"end":{"line":152,"column":3}}]},"15":{"type":"branch","line":154,"loc":{"start":{"line":154,"column":10},"end":{"line":165,"column":3}},"locations":[{"start":{"line":154,"column":10},"end":{"line":165,"column":3}}]},"16":{"type":"branch","line":155,"loc":{"start":{"line":155,"column":35},"end":{"line":164,"column":5}},"locations":[{"start":{"line":155,"column":35},"end":{"line":164,"column":5}}]},"17":{"type":"branch","line":162,"loc":{"start":{"line":162,"column":43},"end":{"line":164,"column":5}},"locations":[{"start":{"line":162,"column":43},"end":{"line":164,"column":5}}]},"18":{"type":"branch","line":158,"loc":{"start":{"line":158,"column":14},"end":{"line":158,"column":32}},"locations":[{"start":{"line":158,"column":14},"end":{"line":158,"column":32}}]},"19":{"type":"branch","line":159,"loc":{"start":{"line":159,"column":15},"end":{"line":161,"column":9}},"locations":[{"start":{"line":159,"column":15},"end":{"line":161,"column":9}}]},"20":{"type":"branch","line":167,"loc":{"start":{"line":167,"column":10},"end":{"line":205,"column":3}},"locations":[{"start":{"line":167,"column":10},"end":{"line":205,"column":3}}]},"21":{"type":"branch","line":171,"loc":{"start":{"line":171,"column":48},"end":{"line":194,"column":5}},"locations":[{"start":{"line":171,"column":48},"end":{"line":194,"column":5}}]},"22":{"type":"branch","line":173,"loc":{"start":{"line":173,"column":18},"end":{"line":173,"column":33}},"locations":[{"start":{"line":173,"column":18},"end":{"line":173,"column":33}}]},"23":{"type":"branch","line":173,"loc":{"start":{"line":173,"column":33},"end":{"line":173,"column":55}},"locations":[{"start":{"line":173,"column":33},"end":{"line":173,"column":55}}]},"24":{"type":"branch","line":173,"loc":{"start":{"line":173,"column":55},"end":{"line":173,"column":92}},"locations":[{"start":{"line":173,"column":55},"end":{"line":173,"column":92}}]},"25":{"type":"branch","line":173,"loc":{"start":{"line":173,"column":94},"end":{"line":175,"column":7}},"locations":[{"start":{"line":173,"column":94},"end":{"line":175,"column":7}}]},"26":{"type":"branch","line":176,"loc":{"start":{"line":176,"column":-1},"end":{"line":178,"column":13}},"locations":[{"start":{"line":176,"column":-1},"end":{"line":178,"column":13}}]},"27":{"type":"branch","line":178,"loc":{"start":{"line":178,"column":8},"end":{"line":180,"column":16}},"locations":[{"start":{"line":178,"column":8},"end":{"line":180,"column":16}}]},"28":{"type":"branch","line":181,"loc":{"start":{"line":181,"column":8},"end":{"line":185,"column":16}},"locations":[{"start":{"line":181,"column":8},"end":{"line":185,"column":16}}]},"29":{"type":"branch","line":182,"loc":{"start":{"line":182,"column":26},"end":{"line":184,"column":11}},"locations":[{"start":{"line":182,"column":26},"end":{"line":184,"column":11}}]},"30":{"type":"branch","line":186,"loc":{"start":{"line":186,"column":8},"end":{"line":190,"column":16}},"locations":[{"start":{"line":186,"column":8},"end":{"line":190,"column":16}}]},"31":{"type":"branch","line":191,"loc":{"start":{"line":191,"column":8},"end":{"line":192,"column":35}},"locations":[{"start":{"line":191,"column":8},"end":{"line":192,"column":35}}]},"32":{"type":"branch","line":198,"loc":{"start":{"line":198,"column":42},"end":{"line":203,"column":5}},"locations":[{"start":{"line":198,"column":42},"end":{"line":203,"column":5}}]},"33":{"type":"branch","line":200,"loc":{"start":{"line":200,"column":59},"end":{"line":202,"column":7}},"locations":[{"start":{"line":200,"column":59},"end":{"line":202,"column":7}}]},"34":{"type":"branch","line":188,"loc":{"start":{"line":188,"column":20},"end":{"line":188,"column":41}},"locations":[{"start":{"line":188,"column":20},"end":{"line":188,"column":41}}]},"35":{"type":"branch","line":189,"loc":{"start":{"line":189,"column":17},"end":{"line":189,"column":35}},"locations":[{"start":{"line":189,"column":17},"end":{"line":189,"column":35}}]},"36":{"type":"branch","line":207,"loc":{"start":{"line":207,"column":10},"end":{"line":218,"column":3}},"locations":[{"start":{"line":207,"column":10},"end":{"line":218,"column":3}}]},"37":{"type":"branch","line":215,"loc":{"start":{"line":215,"column":29},"end":{"line":217,"column":5}},"locations":[{"start":{"line":215,"column":29},"end":{"line":217,"column":5}}]},"38":{"type":"branch","line":220,"loc":{"start":{"line":220,"column":10},"end":{"line":242,"column":3}},"locations":[{"start":{"line":220,"column":10},"end":{"line":242,"column":3}}]},"39":{"type":"branch","line":222,"loc":{"start":{"line":222,"column":21},"end":{"line":222,"column":28}},"locations":[{"start":{"line":222,"column":21},"end":{"line":222,"column":28}}]},"40":{"type":"branch","line":223,"loc":{"start":{"line":223,"column":-1},"end":{"line":228,"column":48}},"locations":[{"start":{"line":223,"column":-1},"end":{"line":228,"column":48}}]},"41":{"type":"branch","line":228,"loc":{"start":{"line":228,"column":48},"end":{"line":231,"column":7}},"locations":[{"start":{"line":228,"column":48},"end":{"line":231,"column":7}}]},"42":{"type":"branch","line":232,"loc":{"start":{"line":232,"column":-1},"end":{"line":233,"column":37}},"locations":[{"start":{"line":232,"column":-1},"end":{"line":233,"column":37}}]},"43":{"type":"branch","line":233,"loc":{"start":{"line":233,"column":37},"end":{"line":235,"column":7}},"locations":[{"start":{"line":233,"column":37},"end":{"line":235,"column":7}}]},"44":{"type":"branch","line":235,"loc":{"start":{"line":235,"column":7},"end":{"line":237,"column":7}},"locations":[{"start":{"line":235,"column":7},"end":{"line":237,"column":7}}]},"45":{"type":"branch","line":238,"loc":{"start":{"line":238,"column":6},"end":{"line":241,"column":5}},"locations":[{"start":{"line":238,"column":6},"end":{"line":241,"column":5}}]},"46":{"type":"branch","line":244,"loc":{"start":{"line":244,"column":10},"end":{"line":295,"column":3}},"locations":[{"start":{"line":244,"column":10},"end":{"line":295,"column":3}}]},"47":{"type":"branch","line":246,"loc":{"start":{"line":246,"column":29},"end":{"line":294,"column":5}},"locations":[{"start":{"line":246,"column":29},"end":{"line":294,"column":5}}]},"48":{"type":"branch","line":247,"loc":{"start":{"line":247,"column":61},"end":{"line":247,"column":70}},"locations":[{"start":{"line":247,"column":61},"end":{"line":247,"column":70}}]},"49":{"type":"branch","line":248,"loc":{"start":{"line":248,"column":-1},"end":{"line":252,"column":46}},"locations":[{"start":{"line":248,"column":-1},"end":{"line":252,"column":46}}]},"50":{"type":"branch","line":252,"loc":{"start":{"line":252,"column":42},"end":{"line":252,"column":76}},"locations":[{"start":{"line":252,"column":42},"end":{"line":252,"column":76}}]},"51":{"type":"branch","line":252,"loc":{"start":{"line":252,"column":78},"end":{"line":283,"column":7}},"locations":[{"start":{"line":252,"column":78},"end":{"line":283,"column":7}}]},"52":{"type":"branch","line":255,"loc":{"start":{"line":255,"column":51},"end":{"line":260,"column":9}},"locations":[{"start":{"line":255,"column":51},"end":{"line":260,"column":9}}]},"53":{"type":"branch","line":256,"loc":{"start":{"line":256,"column":92},"end":{"line":259,"column":11}},"locations":[{"start":{"line":256,"column":92},"end":{"line":259,"column":11}}]},"54":{"type":"branch","line":258,"loc":{"start":{"line":258,"column":31},"end":{"line":258,"column":61}},"locations":[{"start":{"line":258,"column":31},"end":{"line":258,"column":61}}]},"55":{"type":"branch","line":260,"loc":{"start":{"line":260,"column":9},"end":{"line":277,"column":9}},"locations":[{"start":{"line":260,"column":9},"end":{"line":277,"column":9}}]},"56":{"type":"branch","line":263,"loc":{"start":{"line":263,"column":12},"end":{"line":265,"column":20}},"locations":[{"start":{"line":263,"column":12},"end":{"line":265,"column":20}}]},"57":{"type":"branch","line":266,"loc":{"start":{"line":266,"column":12},"end":{"line":272,"column":13}},"locations":[{"start":{"line":266,"column":12},"end":{"line":272,"column":13}}]},"58":{"type":"branch","line":268,"loc":{"start":{"line":268,"column":75},"end":{"line":270,"column":15}},"locations":[{"start":{"line":268,"column":75},"end":{"line":270,"column":15}}]},"59":{"type":"branch","line":273,"loc":{"start":{"line":273,"column":12},"end":{"line":274,"column":36}},"locations":[{"start":{"line":273,"column":12},"end":{"line":274,"column":36}}]},"60":{"type":"branch","line":284,"loc":{"start":{"line":284,"column":-1},"end":{"line":293,"column":7}},"locations":[{"start":{"line":284,"column":-1},"end":{"line":293,"column":7}}]},"61":{"type":"branch","line":287,"loc":{"start":{"line":287,"column":27},"end":{"line":292,"column":9}},"locations":[{"start":{"line":287,"column":27},"end":{"line":292,"column":9}}]},"62":{"type":"branch","line":279,"loc":{"start":{"line":279,"column":34},"end":{"line":282,"column":9}},"locations":[{"start":{"line":279,"column":34},"end":{"line":282,"column":9}}]},"63":{"type":"branch","line":297,"loc":{"start":{"line":297,"column":10},"end":{"line":299,"column":3}},"locations":[{"start":{"line":297,"column":10},"end":{"line":299,"column":3}}]},"64":{"type":"branch","line":301,"loc":{"start":{"line":301,"column":10},"end":{"line":310,"column":3}},"locations":[{"start":{"line":301,"column":10},"end":{"line":310,"column":3}}]},"65":{"type":"branch","line":306,"loc":{"start":{"line":306,"column":8},"end":{"line":308,"column":7}},"locations":[{"start":{"line":306,"column":8},"end":{"line":308,"column":7}}]},"66":{"type":"branch","line":312,"loc":{"start":{"line":312,"column":10},"end":{"line":322,"column":3}},"locations":[{"start":{"line":312,"column":10},"end":{"line":322,"column":3}}]},"67":{"type":"branch","line":314,"loc":{"start":{"line":314,"column":22},"end":{"line":317,"column":5}},"locations":[{"start":{"line":314,"column":22},"end":{"line":317,"column":5}}]},"68":{"type":"branch","line":316,"loc":{"start":{"line":316,"column":34},"end":{"line":316,"column":62}},"locations":[{"start":{"line":316,"column":34},"end":{"line":316,"column":62}}]},"69":{"type":"branch","line":318,"loc":{"start":{"line":318,"column":23},"end":{"line":320,"column":5}},"locations":[{"start":{"line":318,"column":23},"end":{"line":320,"column":5}}]},"70":{"type":"branch","line":324,"loc":{"start":{"line":324,"column":10},"end":{"line":340,"column":3}},"locations":[{"start":{"line":324,"column":10},"end":{"line":340,"column":3}}]},"71":{"type":"branch","line":326,"loc":{"start":{"line":326,"column":16},"end":{"line":326,"column":43}},"locations":[{"start":{"line":326,"column":16},"end":{"line":326,"column":43}}]},"72":{"type":"branch","line":327,"loc":{"start":{"line":327,"column":-1},"end":{"line":332,"column":11}},"locations":[{"start":{"line":327,"column":-1},"end":{"line":332,"column":11}}]},"73":{"type":"branch","line":332,"loc":{"start":{"line":332,"column":6},"end":{"line":333,"column":33}},"locations":[{"start":{"line":332,"column":6},"end":{"line":333,"column":33}}]},"74":{"type":"branch","line":334,"loc":{"start":{"line":334,"column":6},"end":{"line":335,"column":38}},"locations":[{"start":{"line":334,"column":6},"end":{"line":335,"column":38}}]},"75":{"type":"branch","line":336,"loc":{"start":{"line":336,"column":6},"end":{"line":338,"column":43}},"locations":[{"start":{"line":336,"column":6},"end":{"line":338,"column":43}}]}},"b":{"0":[34],"1":[1],"2":[33],"3":[32],"4":[2],"5":[1],"6":[3],"7":[2],"8":[1],"9":[2],"10":[1],"11":[33],"12":[5],"13":[3],"14":[1],"15":[4],"16":[2],"17":[1],"18":[1],"19":[1],"20":[16],"21":[154],"22":[140],"23":[126],"24":[112],"25":[56],"26":[98],"27":[14],"28":[28],"29":[14],"30":[14],"31":[42],"32":[14],"33":[13],"34":[28],"35":[2],"36":[16],"37":[2],"38":[33],"39":[21],"40":[12],"41":[3],"42":[8],"43":[1],"44":[7],"45":[1],"46":[16],"47":[51],"48":[1],"49":[50],"50":[38],"51":[47],"52":[12],"53":[24],"54":[12],"55":[35],"56":[12],"57":[2],"58":[4],"59":[21],"60":[3],"61":[2],"62":[47],"63":[7],"64":[32],"65":[23],"66":[33],"67":[84],"68":[11],"69":[1],"70":[11],"71":[1],"72":[10],"73":[1],"74":[7],"75":[2]},"fnMap":{"0":{"name":"Rescue","decl":{"start":{"line":61,"column":2},"end":{"line":92,"column":3}},"loc":{"start":{"line":61,"column":2},"end":{"line":92,"column":3}},"line":61},"1":{"name":"watch","decl":{"start":{"line":101,"column":9},"end":{"line":115,"column":3}},"loc":{"start":{"line":101,"column":9},"end":{"line":115,"column":3}},"line":101},"2":{"name":"_addEventListeners","decl":{"start":{"line":117,"column":10},"end":{"line":122,"column":3}},"loc":{"start":{"line":117,"column":10},"end":{"line":122,"column":3}},"line":117},"3":{"name":"save","decl":{"start":{"line":128,"column":2},"end":{"line":130,"column":3}},"loc":{"start":{"line":128,"column":2},"end":{"line":130,"column":3}},"line":128},"4":{"name":"clear","decl":{"start":{"line":135,"column":2},"end":{"line":137,"column":3}},"loc":{"start":{"line":135,"column":2},"end":{"line":137,"column":3}},"line":135},"5":{"name":"destroy","decl":{"start":{"line":144,"column":2},"end":{"line":152,"column":3}},"loc":{"start":{"line":144,"column":2},"end":{"line":152,"column":3}},"line":144},"6":{"name":"_handleSubmit","decl":{"start":{"line":154,"column":10},"end":{"line":165,"column":3}},"loc":{"start":{"line":154,"column":10},"end":{"line":165,"column":3}},"line":154},"7":{"name":"_serializeForm","decl":{"start":{"line":167,"column":10},"end":{"line":205,"column":3}},"loc":{"start":{"line":167,"column":10},"end":{"line":205,"column":3}},"line":167},"8":{"name":"_saveDraft","decl":{"start":{"line":207,"column":10},"end":{"line":218,"column":3}},"loc":{"start":{"line":207,"column":10},"end":{"line":218,"column":3}},"line":207},"9":{"name":"_loadDraft","decl":{"start":{"line":220,"column":10},"end":{"line":242,"column":3}},"loc":{"start":{"line":220,"column":10},"end":{"line":242,"column":3}},"line":220},"10":{"name":"_restoreForm","decl":{"start":{"line":244,"column":10},"end":{"line":295,"column":3}},"loc":{"start":{"line":244,"column":10},"end":{"line":295,"column":3}},"line":244},"11":{"name":"_clearDraft","decl":{"start":{"line":297,"column":10},"end":{"line":299,"column":3}},"loc":{"start":{"line":297,"column":10},"end":{"line":299,"column":3}},"line":297},"12":{"name":"_handleStorageEvent","decl":{"start":{"line":301,"column":10},"end":{"line":310,"column":3}},"loc":{"start":{"line":301,"column":10},"end":{"line":310,"column":3}},"line":301},"13":{"name":"_debounce","decl":{"start":{"line":312,"column":10},"end":{"line":322,"column":3}},"loc":{"start":{"line":312,"column":10},"end":{"line":322,"column":3}},"line":312},"14":{"name":"debounced","decl":{"start":{"line":314,"column":22},"end":{"line":317,"column":5}},"loc":{"start":{"line":314,"column":22},"end":{"line":317,"column":5}},"line":314},"15":{"name":"debounced.cancel","decl":{"start":{"line":318,"column":23},"end":{"line":320,"column":5}},"loc":{"start":{"line":318,"column":23},"end":{"line":320,"column":5}},"line":318},"16":{"name":"_parseTtl","decl":{"start":{"line":324,"column":10},"end":{"line":340,"column":3}},"loc":{"start":{"line":324,"column":10},"end":{"line":340,"column":3}},"line":324}},"f":{"0":34,"1":3,"2":33,"3":5,"4":3,"5":1,"6":4,"7":16,"8":16,"9":33,"10":16,"11":7,"12":32,"13":33,"14":84,"15":1,"16":11}}
}
