TN:
SF:index.ts
FN:61,Rescue
FN:101,watch
FN:117,_addEventListeners
FN:128,save
FN:135,clear
FN:144,destroy
FN:154,_handleSubmit
FN:167,_serializeForm
FN:207,_saveDraft
FN:220,_loadDraft
FN:244,_restoreForm
FN:297,_clearDraft
FN:301,_handleStorageEvent
FN:312,_debounce
FN:314,debounced
FN:318,debounced.cancel
FN:324,_parseTtl
FNF:17
FNH:17
FNDA:34,Rescue
FNDA:3,watch
FNDA:33,_addEventListeners
FNDA:5,save
FNDA:3,clear
FNDA:1,destroy
FNDA:4,_handleSubmit
FNDA:16,_serializeForm
FNDA:16,_saveDraft
FNDA:33,_loadDraft
FNDA:16,_restoreForm
FNDA:7,_clearDraft
FNDA:32,_handleStorageEvent
FNDA:33,_debounce
FNDA:84,debounced
FNDA:1,debounced.cancel
FNDA:11,_parseTtl
DA:1,1
DA:2,1
DA:3,1
DA:4,1
DA:5,1
DA:6,1
DA:7,1
DA:8,1
DA:9,1
DA:10,1
DA:11,1
DA:12,1
DA:13,1
DA:14,1
DA:15,1
DA:16,1
DA:17,1
DA:18,1
DA:19,1
DA:20,1
DA:21,1
DA:22,1
DA:23,1
DA:24,1
DA:25,1
DA:26,1
DA:27,1
DA:28,1
DA:29,1
DA:30,1
DA:31,1
DA:32,1
DA:33,1
DA:34,1
DA:35,1
DA:36,1
DA:37,1
DA:38,1
DA:39,1
DA:40,1
DA:41,1
DA:42,1
DA:43,1
DA:44,1
DA:45,1
DA:46,1
DA:47,1
DA:48,1
DA:49,1
DA:50,1
DA:51,1
DA:52,1
DA:53,1
DA:54,1
DA:55,1
DA:56,1
DA:57,1
DA:58,1
DA:59,1
DA:60,1
DA:61,1
DA:62,34
DA:63,1
DA:64,1
DA:65,1
DA:66,33
DA:67,33
DA:68,33
DA:69,33
DA:70,33
DA:71,33
DA:72,33
DA:73,33
DA:74,33
DA:75,33
DA:76,33
DA:77,34
DA:78,34
DA:79,34
DA:80,34
DA:81,34
DA:82,34
DA:83,34
DA:84,34
DA:85,34
DA:86,34
DA:87,34
DA:88,34
DA:89,34
DA:90,34
DA:91,34
DA:92,34
DA:93,1
DA:94,1
DA:95,1
DA:96,1
DA:97,1
DA:98,1
DA:99,1
DA:100,1
DA:101,1
DA:102,3
DA:103,3
DA:104,3
DA:105,3
DA:106,3
DA:107,3
DA:108,3
DA:109,3
DA:110,3
DA:111,2
DA:112,3
DA:113,1
DA:114,1
DA:115,3
DA:116,1
DA:117,1
DA:118,33
DA:119,33
DA:120,33
DA:121,33
DA:122,33
DA:123,1
DA:124,1
DA:125,1
DA:126,1
DA:127,1
DA:128,1
DA:129,5
DA:130,5
DA:131,1
DA:132,1
DA:133,1
DA:134,1
DA:135,1
DA:136,3
DA:137,3
DA:138,1
DA:139,1
DA:140,1
DA:141,1
DA:142,1
DA:143,1
DA:144,1
DA:145,1
DA:146,1
DA:147,1
DA:148,1
DA:149,1
DA:150,1
DA:151,1
DA:152,1
DA:153,1
DA:154,1
DA:155,4
DA:156,2
DA:157,2
DA:158,2
DA:159,2
DA:160,1
DA:161,2
DA:162,2
DA:163,1
DA:164,1
DA:165,4
DA:166,1
DA:167,1
DA:168,16
DA:169,16
DA:170,16
DA:171,16
DA:172,154
DA:173,154
DA:174,56
DA:175,56
DA:176,98
DA:177,98
DA:178,154
DA:179,14
DA:180,14
DA:181,154
DA:182,28
DA:183,14
DA:184,14
DA:185,28
DA:186,154
DA:187,14
DA:188,14
DA:189,14
DA:190,14
DA:191,154
DA:192,42
DA:193,154
DA:194,154
DA:195,16
DA:196,16
DA:197,16
DA:198,16
DA:199,14
DA:200,14
DA:201,13
DA:202,13
DA:203,14
DA:204,16
DA:205,16
DA:206,1
DA:207,1
DA:208,16
DA:209,16
DA:210,16
DA:211,16
DA:212,16
DA:213,16
DA:214,16
DA:215,16
DA:216,2
DA:217,2
DA:218,16
DA:219,1
DA:220,1
DA:221,33
DA:222,33
DA:223,12
DA:224,12
DA:225,12
DA:226,12
DA:227,12
DA:228,33
DA:229,3
DA:230,3
DA:231,3
DA:232,8
DA:233,33
DA:234,1
DA:235,33
DA:236,7
DA:237,7
DA:238,33
DA:239,1
DA:240,1
DA:241,1
DA:242,33
DA:243,1
DA:244,1
DA:245,16
DA:246,16
DA:247,51
DA:248,50
DA:249,50
DA:250,50
DA:251,50
DA:252,51
DA:253,47
DA:254,47
DA:255,47
DA:256,12
DA:257,24
DA:258,24
DA:259,24
DA:260,47
DA:261,35
DA:262,35
DA:263,35
DA:264,12
DA:265,12
DA:266,35
DA:267,2
DA:268,2
DA:269,4
DA:270,4
DA:271,2
DA:272,2
DA:273,35
DA:274,21
DA:275,35
DA:276,35
DA:277,35
DA:278,47
DA:279,47
DA:280,47
DA:281,47
DA:282,47
DA:283,47
DA:284,3
DA:285,3
DA:286,3
DA:287,3
DA:288,2
DA:289,2
DA:290,2
DA:291,2
DA:292,2
DA:293,3
DA:294,51
DA:295,16
DA:296,1
DA:297,1
DA:298,7
DA:299,7
DA:300,1
DA:301,1
DA:302,32
DA:303,32
DA:304,32
DA:305,32
DA:306,32
DA:307,23
DA:308,23
DA:309,32
DA:310,32
DA:311,1
DA:312,1
DA:313,33
DA:314,33
DA:315,84
DA:316,84
DA:317,33
DA:318,33
DA:319,1
DA:320,33
DA:321,33
DA:322,33
DA:323,1
DA:324,1
DA:325,11
DA:326,11
DA:327,10
DA:328,10
DA:329,10
DA:330,10
DA:331,10
DA:332,11
DA:333,1
DA:334,11
DA:335,7
DA:336,11
DA:337,2
DA:338,2
DA:339,11
DA:340,11
DA:341,1
DA:342,1
DA:343,1
LF:343
LH:343
BRDA:61,0,0,34
BRDA:62,1,0,1
BRDA:66,2,0,33
BRDA:76,3,0,32
BRDA:77,4,0,2
BRDA:77,5,0,1
BRDA:101,6,0,3
BRDA:107,7,0,2
BRDA:108,8,0,1
BRDA:110,9,0,2
BRDA:112,10,0,1
BRDA:117,11,0,33
BRDA:128,12,0,5
BRDA:135,13,0,3
BRDA:144,14,0,1
BRDA:154,15,0,4
BRDA:155,16,0,2
BRDA:162,17,0,1
BRDA:158,18,0,1
BRDA:159,19,0,1
BRDA:167,20,0,16
BRDA:171,21,0,154
BRDA:173,22,0,140
BRDA:173,23,0,126
BRDA:173,24,0,112
BRDA:173,25,0,56
BRDA:176,26,0,98
BRDA:178,27,0,14
BRDA:181,28,0,28
BRDA:182,29,0,14
BRDA:186,30,0,14
BRDA:191,31,0,42
BRDA:198,32,0,14
BRDA:200,33,0,13
BRDA:188,34,0,28
BRDA:189,35,0,2
BRDA:207,36,0,16
BRDA:215,37,0,2
BRDA:220,38,0,33
BRDA:222,39,0,21
BRDA:223,40,0,12
BRDA:228,41,0,3
BRDA:232,42,0,8
BRDA:233,43,0,1
BRDA:235,44,0,7
BRDA:238,45,0,1
BRDA:244,46,0,16
BRDA:246,47,0,51
BRDA:247,48,0,1
BRDA:248,49,0,50
BRDA:252,50,0,38
BRDA:252,51,0,47
BRDA:255,52,0,12
BRDA:256,53,0,24
BRDA:258,54,0,12
BRDA:260,55,0,35
BRDA:263,56,0,12
BRDA:266,57,0,2
BRDA:268,58,0,4
BRDA:273,59,0,21
BRDA:284,60,0,3
BRDA:287,61,0,2
BRDA:279,62,0,47
BRDA:297,63,0,7
BRDA:301,64,0,32
BRDA:306,65,0,23
BRDA:312,66,0,33
BRDA:314,67,0,84
BRDA:316,68,0,11
BRDA:318,69,0,1
BRDA:324,70,0,11
BRDA:326,71,0,1
BRDA:327,72,0,10
BRDA:332,73,0,1
BRDA:334,74,0,7
BRDA:336,75,0,2
BRF:76
BRH:76
end_of_record
